  [1m[35m (20.0ms)[0m  [1m[34mSELECT sqlite_version(*)[0m
  [1m[35m (224.1ms)[0m  [1m[35mCREATE TABLE "schema_migrations" ("version" varchar NOT NULL PRIMARY KEY)[0m
  [1m[35m (222.8ms)[0m  [1m[35mCREATE TABLE "ar_internal_metadata" ("key" varchar NOT NULL PRIMARY KEY, "value" varchar, "created_at" datetime(6) NOT NULL, "updated_at" datetime(6) NOT NULL)[0m
  [1m[35m (0.7ms)[0m  [1m[34mSELECT "schema_migrations"."version" FROM "schema_migrations" ORDER BY "schema_migrations"."version" ASC[0m
Migrating to DeviseCreateUsers (20211014235208)
  [1m[36mTRANSACTION (0.3ms)[0m  [1m[36mbegin transaction[0m
  [1m[35m (1.5ms)[0m  [1m[35mCREATE TABLE "users" ("id" integer PRIMARY KEY AUTOINCREMENT NOT NULL, "email" varchar DEFAULT '' NOT NULL, "encrypted_password" varchar DEFAULT '' NOT NULL, "reset_password_token" varchar, "reset_password_sent_at" datetime, "remember_created_at" datetime, "created_at" datetime(6) NOT NULL, "updated_at" datetime(6) NOT NULL)[0m
  [1m[35m (0.7ms)[0m  [1m[35mCREATE UNIQUE INDEX "index_users_on_email" ON "users" ("email")[0m
  [1m[35m (3.6ms)[0m  [1m[35mCREATE UNIQUE INDEX "index_users_on_reset_password_token" ON "users" ("reset_password_token")[0m
  [1m[36mActiveRecord::SchemaMigration Create (9.0ms)[0m  [1m[32mINSERT INTO "schema_migrations" ("version") VALUES (?)[0m  [["version", "20211014235208"]]
  [1m[36mTRANSACTION (347.9ms)[0m  [1m[36mcommit transaction[0m
  [1m[36mActiveRecord::InternalMetadata Load (0.9ms)[0m  [1m[34mSELECT "ar_internal_metadata".* FROM "ar_internal_metadata" WHERE "ar_internal_metadata"."key" = ? LIMIT ?[0m  [["key", "environment"], ["LIMIT", 1]]
  [1m[36mTRANSACTION (0.3ms)[0m  [1m[36mbegin transaction[0m
  [1m[36mActiveRecord::InternalMetadata Create (5.8ms)[0m  [1m[32mINSERT INTO "ar_internal_metadata" ("key", "value", "created_at", "updated_at") VALUES (?, ?, ?, ?)[0m  [["key", "environment"], ["value", "development"], ["created_at", "2021-10-15 00:01:25.690602"], ["updated_at", "2021-10-15 00:01:25.690602"]]
  [1m[36mTRANSACTION (294.7ms)[0m  [1m[36mcommit transaction[0m
  [1m[35m (0.6ms)[0m  [1m[34mSELECT sqlite_version(*)[0m
  [1m[35m (0.7ms)[0m  [1m[34mSELECT "schema_migrations"."version" FROM "schema_migrations" ORDER BY "schema_migrations"."version" ASC[0m
Started GET "/" for 127.0.0.1 at 2021-10-14 23:21:22 -0300
  [1m[35m (7.4ms)[0m  [1m[34mSELECT sqlite_version(*)[0m
  [1m[35m (1.3ms)[0m  [1m[34mSELECT "schema_migrations"."version" FROM "schema_migrations" ORDER BY "schema_migrations"."version" ASC[0m
  
ActionController::RoutingError (uninitialized constant PagesController
Did you mean?  DeviseController):
  
Started GET "/" for 127.0.0.1 at 2021-10-14 23:25:06 -0300
  
ActionController::RoutingError (uninitialized constant PagesController
Did you mean?  DeviseController):
  
Started GET "/" for 127.0.0.1 at 2021-10-15 22:54:18 -0300
  [1m[35m (14.0ms)[0m  [1m[34mSELECT sqlite_version(*)[0m
  [1m[35m (0.6ms)[0m  [1m[34mSELECT "schema_migrations"."version" FROM "schema_migrations" ORDER BY "schema_migrations"."version" ASC[0m
  
ActionController::RoutingError (uninitialized constant PagesController
Did you mean?  DeviseController):
  
Started GET "/" for 127.0.0.1 at 2021-10-16 12:19:52 -0300
  [1m[35m (18.0ms)[0m  [1m[34mSELECT sqlite_version(*)[0m
  [1m[35m (1.2ms)[0m  [1m[34mSELECT "schema_migrations"."version" FROM "schema_migrations" ORDER BY "schema_migrations"."version" ASC[0m
  
ActionController::RoutingError (uninitialized constant PagesController
Did you mean?  DeviseController):
  
Started GET "/" for 127.0.0.1 at 2021-10-16 12:22:26 -0300
  [1m[35m (11.0ms)[0m  [1m[34mSELECT sqlite_version(*)[0m
  [1m[35m (0.8ms)[0m  [1m[34mSELECT "schema_migrations"."version" FROM "schema_migrations" ORDER BY "schema_migrations"."version" ASC[0m
Processing by PagesController#index as HTML
Completed 401 Unauthorized in 113ms (ActiveRecord: 0.0ms | Allocations: 3111)


Started GET "/users/sign_in" for 127.0.0.1 at 2021-10-16 12:22:27 -0300
Processing by Devise::SessionsController#new as HTML
  Rendering layout layouts/application.html.erb
  Rendering devise/sessions/new.html.erb within layouts/application
  Rendered devise/shared/_links.html.erb (Duration: 25.4ms | Allocations: 703)
  Rendered devise/sessions/new.html.erb within layouts/application (Duration: 163.8ms | Allocations: 4260)
[Webpacker] Compiling...
[Webpacker] Compiled all packs in /home/ricardo/modulo9/registro_devise/public/packs
[Webpacker] Hash: e2a8a876c5815bee1e21
Version: webpack 4.46.0
Time: 21029ms
Built at: 10/16/2021 12:23:06 PM
                                     Asset       Size       Chunks                         Chunk Names
    js/application-e421b4aa3f716bebdab1.js    125 KiB  application  [emitted] [immutable]  application
js/application-e421b4aa3f716bebdab1.js.map    139 KiB  application  [emitted] [dev]        application
                             manifest.json  364 bytes               [emitted]              
Entrypoint application = js/application-e421b4aa3f716bebdab1.js js/application-e421b4aa3f716bebdab1.js.map
[./app/javascript/channels sync recursive _channel\.js$] ./app/javascript/channels sync _channel\.js$ 160 bytes {application} [built]
[./app/javascript/channels/index.js] 211 bytes {application} [built]
[./app/javascript/packs/application.js] 492 bytes {application} [built]
[./node_modules/webpack/buildin/module.js] (webpack)/buildin/module.js 552 bytes {application} [built]
    + 3 hidden modules

  Rendered layout layouts/application.html.erb (Duration: 39074.1ms | Allocations: 18720)
Completed 200 OK in 39224ms (Views: 39118.8ms | ActiveRecord: 3.2ms | Allocations: 27029)


Started GET "/users/sign_up" for 127.0.0.1 at 2021-10-16 12:23:24 -0300
Processing by Devise::RegistrationsController#new as HTML
  Rendering layout layouts/application.html.erb
  Rendering devise/registrations/new.html.erb within layouts/application
  Rendered devise/shared/_error_messages.html.erb (Duration: 7.2ms | Allocations: 236)
  Rendered devise/shared/_links.html.erb (Duration: 1.9ms | Allocations: 156)
  Rendered devise/registrations/new.html.erb within layouts/application (Duration: 106.5ms | Allocations: 2170)
[Webpacker] Everything's up-to-date. Nothing to do
  Rendered layout layouts/application.html.erb (Duration: 187.7ms | Allocations: 5229)
Completed 200 OK in 215ms (Views: 208.7ms | ActiveRecord: 0.0ms | Allocations: 6852)


Started POST "/users" for 127.0.0.1 at 2021-10-16 12:23:45 -0300
Processing by Devise::RegistrationsController#create as HTML
  Parameters: {"authenticity_token"=>"[FILTERED]", "user"=>{"email"=>"ricardocacerez@gmail.com", "password"=>"[FILTERED]", "password_confirmation"=>"[FILTERED]"}, "commit"=>"Sign up"}
  [1m[36mTRANSACTION (0.4ms)[0m  [1m[36mbegin transaction[0m
  [1m[36mUser Exists? (23.9ms)[0m  [1m[34mSELECT 1 AS one FROM "users" WHERE "users"."email" = ? LIMIT ?[0m  [["email", "ricardocacerez@gmail.com"], ["LIMIT", 1]]
  [1m[36mUser Create (7.0ms)[0m  [1m[32mINSERT INTO "users" ("email", "encrypted_password", "created_at", "updated_at") VALUES (?, ?, ?, ?)[0m  [["email", "ricardocacerez@gmail.com"], ["encrypted_password", "$2a$12$FSE4u.9CfbXR4J.bOvoUhOgO493qZ7RwY6pfGFyMjmo5zMEjQohq."], ["created_at", "2021-10-16 15:23:46.994222"], ["updated_at", "2021-10-16 15:23:46.994222"]]
  [1m[36mTRANSACTION (228.1ms)[0m  [1m[36mcommit transaction[0m
Redirected to http://127.0.0.1:3000/
Completed 302 Found in 1383ms (ActiveRecord: 259.4ms | Allocations: 14039)


Started GET "/" for 127.0.0.1 at 2021-10-16 12:23:47 -0300
Processing by PagesController#index as HTML
  [1m[36mUser Load (0.9ms)[0m  [1m[34mSELECT "users".* FROM "users" WHERE "users"."id" = ? ORDER BY "users"."id" ASC LIMIT ?[0m  [["id", 1], ["LIMIT", 1]]
  Rendering layout layouts/application.html.erb
  Rendering pages/index.html.erb within layouts/application
  Rendered pages/index.html.erb within layouts/application (Duration: 1.7ms | Allocations: 144)
[Webpacker] Everything's up-to-date. Nothing to do
  Rendered layout layouts/application.html.erb (Duration: 124.2ms | Allocations: 3266)
Completed 200 OK in 169ms (Views: 138.6ms | ActiveRecord: 0.9ms | Allocations: 6000)


Started GET "/" for 127.0.0.1 at 2021-10-16 12:28:31 -0300
  [1m[35m (31.3ms)[0m  [1m[34mSELECT sqlite_version(*)[0m
  [1m[35m (1.4ms)[0m  [1m[34mSELECT "schema_migrations"."version" FROM "schema_migrations" ORDER BY "schema_migrations"."version" ASC[0m
Processing by PagesController#index as HTML
  [1m[36mUser Load (1.0ms)[0m  [1m[34mSELECT "users".* FROM "users" WHERE "users"."id" = ? ORDER BY "users"."id" ASC LIMIT ?[0m  [["id", 1], ["LIMIT", 1]]
  Rendering layout layouts/application.html.erb
  Rendering pages/index.html.erb within layouts/application
  Rendered pages/index.html.erb within layouts/application (Duration: 4.1ms | Allocations: 533)
[Webpacker] Everything's up-to-date. Nothing to do
  Rendered layout layouts/application.html.erb (Duration: 94.5ms | Allocations: 6238)
Completed 200 OK in 370ms (Views: 116.5ms | ActiveRecord: 24.6ms | Allocations: 17418)


Started DELETE "/users/sign_out" for 127.0.0.1 at 2021-10-16 12:28:38 -0300
Processing by Devise::SessionsController#destroy as HTML
  Parameters: {"authenticity_token"=>"[FILTERED]"}
  [1m[36mUser Load (2.2ms)[0m  [1m[34mSELECT "users".* FROM "users" WHERE "users"."id" = ? ORDER BY "users"."id" ASC LIMIT ?[0m  [["id", 1], ["LIMIT", 1]]
Redirected to http://127.0.0.1:3000/
Completed 302 Found in 177ms (ActiveRecord: 2.2ms | Allocations: 4931)


Started GET "/" for 127.0.0.1 at 2021-10-16 12:28:38 -0300
Processing by PagesController#index as HTML
Completed 401 Unauthorized in 8ms (ActiveRecord: 0.0ms | Allocations: 370)


Started GET "/users/sign_in" for 127.0.0.1 at 2021-10-16 12:28:38 -0300
Processing by Devise::SessionsController#new as HTML
  Rendering layout layouts/application.html.erb
  Rendering devise/sessions/new.html.erb within layouts/application
  Rendered devise/shared/_links.html.erb (Duration: 16.3ms | Allocations: 685)
  Rendered devise/sessions/new.html.erb within layouts/application (Duration: 60.4ms | Allocations: 3478)
[Webpacker] Everything's up-to-date. Nothing to do
  Rendered layout layouts/application.html.erb (Duration: 105.4ms | Allocations: 6573)
Completed 200 OK in 148ms (Views: 131.2ms | ActiveRecord: 0.0ms | Allocations: 8740)


Started GET "/" for 127.0.0.1 at 2021-10-16 22:56:17 -0300
  [1m[35m (3.4ms)[0m  [1m[34mSELECT sqlite_version(*)[0m
  [1m[35m (1.0ms)[0m  [1m[34mSELECT "schema_migrations"."version" FROM "schema_migrations" ORDER BY "schema_migrations"."version" ASC[0m
Processing by PagesController#index as HTML
Completed 401 Unauthorized in 45ms (ActiveRecord: 0.0ms | Allocations: 2477)


Started GET "/users/sign_in" for 127.0.0.1 at 2021-10-16 22:56:17 -0300
Processing by Devise::SessionsController#new as HTML
  Rendering layout layouts/application.html.erb
  Rendering devise/sessions/new.html.erb within layouts/application
  Rendered devise/shared/_links.html.erb (Duration: 67.5ms | Allocations: 703)
  Rendered devise/sessions/new.html.erb within layouts/application (Duration: 222.0ms | Allocations: 3749)
[Webpacker] Everything's up-to-date. Nothing to do
  Rendered layout layouts/application.html.erb (Duration: 373.1ms | Allocations: 9344)
Completed 200 OK in 484ms (Views: 399.1ms | ActiveRecord: 4.1ms | Allocations: 17398)


Started POST "/users/sign_in" for 127.0.0.1 at 2021-10-16 22:56:34 -0300
Processing by Devise::SessionsController#create as HTML
  Parameters: {"authenticity_token"=>"[FILTERED]", "user"=>{"email"=>"ricardocacerez@gmail.com", "password"=>"[FILTERED]", "remember_me"=>"0"}, "commit"=>"Iniciar sesión"}
  [1m[36mUser Load (2.0ms)[0m  [1m[34mSELECT "users".* FROM "users" WHERE "users"."email" = ? ORDER BY "users"."id" ASC LIMIT ?[0m  [["email", "ricardocacerez@gmail.com"], ["LIMIT", 1]]
Redirected to http://127.0.0.1:3000/
Completed 302 Found in 600ms (ActiveRecord: 2.0ms | Allocations: 6040)


Started GET "/" for 127.0.0.1 at 2021-10-16 22:56:34 -0300
Processing by PagesController#index as HTML
  [1m[36mUser Load (6.6ms)[0m  [1m[34mSELECT "users".* FROM "users" WHERE "users"."id" = ? ORDER BY "users"."id" ASC LIMIT ?[0m  [["id", 1], ["LIMIT", 1]]
  Rendering layout layouts/application.html.erb
  Rendering pages/index.html.erb within layouts/application
  Rendered pages/index.html.erb within layouts/application (Duration: 7.4ms | Allocations: 255)
[Webpacker] Everything's up-to-date. Nothing to do
  Rendered layout layouts/application.html.erb (Duration: 43.8ms | Allocations: 3366)
Completed 200 OK in 90ms (Views: 53.5ms | ActiveRecord: 6.6ms | Allocations: 5935)


Started GET "/" for 127.0.0.1 at 2021-10-16 22:57:38 -0300
Processing by PagesController#index as HTML
  [1m[36mUser Load (0.7ms)[0m  [1m[34mSELECT "users".* FROM "users" WHERE "users"."id" = ? ORDER BY "users"."id" ASC LIMIT ?[0m  [["id", 1], ["LIMIT", 1]]
  Rendering layout layouts/application.html.erb
  Rendering pages/index.html.erb within layouts/application
  Rendered pages/index.html.erb within layouts/application (Duration: 3.3ms | Allocations: 245)
[Webpacker] Everything's up-to-date. Nothing to do
  Rendered layout layouts/application.html.erb (Duration: 61.3ms | Allocations: 3547)
Completed 200 OK in 144ms (Views: 96.2ms | ActiveRecord: 0.7ms | Allocations: 6299)


Started GET "/" for 127.0.0.1 at 2021-10-16 22:58:02 -0300
Processing by PagesController#index as HTML
  [1m[36mUser Load (0.7ms)[0m  [1m[34mSELECT "users".* FROM "users" WHERE "users"."id" = ? ORDER BY "users"."id" ASC LIMIT ?[0m  [["id", 1], ["LIMIT", 1]]
  Rendering layout layouts/application.html.erb
  Rendering pages/index.html.erb within layouts/application
  Rendered pages/index.html.erb within layouts/application (Duration: 10.1ms | Allocations: 243)
[Webpacker] Everything's up-to-date. Nothing to do
  Rendered layout layouts/application.html.erb (Duration: 58.0ms | Allocations: 3545)
Completed 200 OK in 110ms (Views: 82.2ms | ActiveRecord: 0.7ms | Allocations: 6273)


Started DELETE "/users/sign_out" for 127.0.0.1 at 2021-10-16 23:16:23 -0300
Processing by Devise::SessionsController#destroy as HTML
  Parameters: {"authenticity_token"=>"[FILTERED]"}
  [1m[35m (1.6ms)[0m  [1m[34mSELECT sqlite_version(*)[0m
  [1m[36mUser Load (0.8ms)[0m  [1m[34mSELECT "users".* FROM "users" WHERE "users"."id" = ? ORDER BY "users"."id" ASC LIMIT ?[0m  [["id", 1], ["LIMIT", 1]]
Redirected to http://127.0.0.1:3000/
Completed 302 Found in 116ms (ActiveRecord: 3.6ms | Allocations: 5759)


Started GET "/" for 127.0.0.1 at 2021-10-16 23:16:23 -0300
Processing by PagesController#index as HTML
Completed 401 Unauthorized in 44ms (ActiveRecord: 0.0ms | Allocations: 297)


Started GET "/users/sign_in" for 127.0.0.1 at 2021-10-16 23:16:23 -0300
Processing by Devise::SessionsController#new as HTML
  Rendering layout layouts/application.html.erb
  Rendering devise/sessions/new.html.erb within layouts/application
  Rendered devise/shared/_links.html.erb (Duration: 4.9ms | Allocations: 552)
  Rendered devise/sessions/new.html.erb within layouts/application (Duration: 29.9ms | Allocations: 2035)
[Webpacker] Everything's up-to-date. Nothing to do
  Rendered layout layouts/application.html.erb (Duration: 71.4ms | Allocations: 5136)
Completed 200 OK in 94ms (Views: 88.6ms | ActiveRecord: 0.0ms | Allocations: 6939)


Started POST "/users/sign_in" for 127.0.0.1 at 2021-10-16 23:16:28 -0300
Processing by Devise::SessionsController#create as HTML
  Parameters: {"authenticity_token"=>"[FILTERED]", "user"=>{"email"=>"ricardocacerez@gmail.com", "password"=>"[FILTERED]", "remember_me"=>"0"}, "commit"=>"Log in"}
  [1m[36mUser Load (1.0ms)[0m  [1m[34mSELECT "users".* FROM "users" WHERE "users"."email" = ? ORDER BY "users"."id" ASC LIMIT ?[0m  [["email", "ricardocacerez@gmail.com"], ["LIMIT", 1]]
Redirected to http://127.0.0.1:3000/
Completed 302 Found in 448ms (ActiveRecord: 1.0ms | Allocations: 3593)


Started GET "/" for 127.0.0.1 at 2021-10-16 23:16:29 -0300
Processing by PagesController#index as HTML
  [1m[36mUser Load (0.5ms)[0m  [1m[34mSELECT "users".* FROM "users" WHERE "users"."id" = ? ORDER BY "users"."id" ASC LIMIT ?[0m  [["id", 1], ["LIMIT", 1]]
  Rendering layout layouts/application.html.erb
  Rendering pages/index.html.erb within layouts/application
  Rendered pages/index.html.erb within layouts/application (Duration: 1.0ms | Allocations: 79)
[Webpacker] Everything's up-to-date. Nothing to do
  Rendered layout layouts/application.html.erb (Duration: 39.8ms | Allocations: 2955)
Completed 200 OK in 79ms (Views: 43.2ms | ActiveRecord: 0.5ms | Allocations: 4503)


Started DELETE "/users/sign_out" for 127.0.0.1 at 2021-10-16 23:16:40 -0300
Processing by Devise::SessionsController#destroy as HTML
  Parameters: {"authenticity_token"=>"[FILTERED]"}
  [1m[36mUser Load (0.6ms)[0m  [1m[34mSELECT "users".* FROM "users" WHERE "users"."id" = ? ORDER BY "users"."id" ASC LIMIT ?[0m  [["id", 1], ["LIMIT", 1]]
Redirected to http://127.0.0.1:3000/
Completed 302 Found in 35ms (ActiveRecord: 0.6ms | Allocations: 1812)


Started GET "/" for 127.0.0.1 at 2021-10-16 23:16:40 -0300
Processing by PagesController#index as HTML
Completed 401 Unauthorized in 2ms (ActiveRecord: 0.0ms | Allocations: 247)


Started GET "/users/sign_in" for 127.0.0.1 at 2021-10-16 23:16:40 -0300
Processing by Devise::SessionsController#new as HTML
  Rendering layout layouts/application.html.erb
  Rendering devise/sessions/new.html.erb within layouts/application
  Rendered devise/shared/_links.html.erb (Duration: 3.5ms | Allocations: 153)
  Rendered devise/sessions/new.html.erb within layouts/application (Duration: 12.2ms | Allocations: 1021)
[Webpacker] Everything's up-to-date. Nothing to do
  Rendered layout layouts/application.html.erb (Duration: 47.6ms | Allocations: 3904)
Completed 200 OK in 67ms (Views: 61.5ms | ActiveRecord: 0.0ms | Allocations: 4596)


Started GET "/users/sign_up" for 127.0.0.1 at 2021-10-17 00:08:48 -0300
Processing by Devise::RegistrationsController#new as HTML
  [1m[35m (1.4ms)[0m  [1m[34mSELECT sqlite_version(*)[0m
  Rendering layout layouts/application.html.erb
  Rendering devise/registrations/new.html.erb within layouts/application
  Rendered devise/shared/_error_messages.html.erb (Duration: 4.1ms | Allocations: 238)
  Rendered devise/shared/_links.html.erb (Duration: 8.1ms | Allocations: 157)
  Rendered devise/registrations/new.html.erb within layouts/application (Duration: 90.1ms | Allocations: 2114)
Started POST "/users/sign_in" for 127.0.0.1 at 2021-10-17 00:08:51 -0300
[Webpacker] Everything's up-to-date. Nothing to do
  Rendered layout layouts/application.html.erb (Duration: 414.0ms | Allocations: 6233)
Completed 200 OK in 734ms (Views: 445.4ms | ActiveRecord: 32.3ms | Allocations: 12329)


Processing by Devise::SessionsController#create as HTML
  Parameters: {"authenticity_token"=>"[FILTERED]", "user"=>{"email"=>"ricardocacerez@gmail.com", "password"=>"[FILTERED]", "remember_me"=>"0"}, "commit"=>"Log in"}
  [1m[35m (0.5ms)[0m  [1m[34mSELECT sqlite_version(*)[0m
  [1m[36mUser Load (19.9ms)[0m  [1m[34mSELECT "users".* FROM "users" WHERE "users"."email" = ? ORDER BY "users"."id" ASC LIMIT ?[0m  [["email", "ricardocacerez@gmail.com"], ["LIMIT", 1]]
Redirected to http://127.0.0.1:3000/
Completed 302 Found in 814ms (ActiveRecord: 40.1ms | Allocations: 8685)


Started GET "/" for 127.0.0.1 at 2021-10-17 00:08:52 -0300
Processing by PagesController#index as HTML
  [1m[36mUser Load (1.0ms)[0m  [1m[34mSELECT "users".* FROM "users" WHERE "users"."id" = ? ORDER BY "users"."id" ASC LIMIT ?[0m  [["id", 1], ["LIMIT", 1]]
  Rendering layout layouts/application.html.erb
  Rendering pages/index.html.erb within layouts/application
  Rendered pages/index.html.erb within layouts/application (Duration: 20.5ms | Allocations: 142)
[Webpacker] Everything's up-to-date. Nothing to do
  Rendered layout layouts/application.html.erb (Duration: 65.0ms | Allocations: 3247)
Completed 200 OK in 109ms (Views: 75.5ms | ActiveRecord: 1.0ms | Allocations: 5362)


Started DELETE "/users/sign_out" for 127.0.0.1 at 2021-10-17 00:16:58 -0300
Processing by Devise::SessionsController#destroy as HTML
  Parameters: {"authenticity_token"=>"[FILTERED]"}
  [1m[35m (0.7ms)[0m  [1m[34mSELECT sqlite_version(*)[0m
  [1m[36mUser Load (0.8ms)[0m  [1m[34mSELECT "users".* FROM "users" WHERE "users"."id" = ? ORDER BY "users"."id" ASC LIMIT ?[0m  [["id", 1], ["LIMIT", 1]]
Redirected to http://127.0.0.1:3000/
Completed 302 Found in 100ms (ActiveRecord: 3.3ms | Allocations: 3344)


Started GET "/" for 127.0.0.1 at 2021-10-17 00:16:58 -0300
Processing by PagesController#index as HTML
Completed 401 Unauthorized in 6ms (ActiveRecord: 0.0ms | Allocations: 262)


Started GET "/users/sign_in" for 127.0.0.1 at 2021-10-17 00:16:58 -0300
Processing by Devise::SessionsController#new as HTML
  Rendering layout layouts/application.html.erb
  Rendering devise/sessions/new.html.erb within layouts/application
  Rendered devise/shared/_links.html.erb (Duration: 2.7ms | Allocations: 177)
  Rendered devise/sessions/new.html.erb within layouts/application (Duration: 23.2ms | Allocations: 1152)
[Webpacker] Everything's up-to-date. Nothing to do
  Rendered layout layouts/application.html.erb (Duration: 98.2ms | Allocations: 4100)
Completed 200 OK in 163ms (Views: 149.5ms | ActiveRecord: 0.0ms | Allocations: 4835)


Started GET "/users/sign_in" for 127.0.0.1 at 2021-10-17 00:18:48 -0300
Processing by Devise::SessionsController#new as HTML
  Rendering layout layouts/application.html.erb
  Rendering devise/sessions/new.html.erb within layouts/application
  Rendered devise/shared/_links.html.erb (Duration: 41.8ms | Allocations: 552)
  Rendered devise/sessions/new.html.erb within layouts/application (Duration: 90.3ms | Allocations: 2037)
[Webpacker] Everything's up-to-date. Nothing to do
  Rendered layout layouts/application.html.erb (Duration: 187.7ms | Allocations: 5332)
Completed 200 OK in 262ms (Views: 228.6ms | ActiveRecord: 0.0ms | Allocations: 7333)


Started POST "/users/sign_in" for 127.0.0.1 at 2021-10-17 00:18:55 -0300
Processing by Devise::SessionsController#create as HTML
  Parameters: {"authenticity_token"=>"[FILTERED]", "user"=>{"email"=>"ricardocacerez@gmail.com", "password"=>"[FILTERED]", "remember_me"=>"0"}, "commit"=>"Log in"}
  [1m[36mUser Load (2.3ms)[0m  [1m[34mSELECT "users".* FROM "users" WHERE "users"."email" = ? ORDER BY "users"."id" ASC LIMIT ?[0m  [["email", "ricardocacerez@gmail.com"], ["LIMIT", 1]]
Redirected to http://127.0.0.1:3000/
Completed 302 Found in 454ms (ActiveRecord: 2.3ms | Allocations: 3589)


Started GET "/" for 127.0.0.1 at 2021-10-17 00:18:55 -0300
Processing by PagesController#index as HTML
  [1m[36mUser Load (1.1ms)[0m  [1m[34mSELECT "users".* FROM "users" WHERE "users"."id" = ? ORDER BY "users"."id" ASC LIMIT ?[0m  [["id", 1], ["LIMIT", 1]]
  Rendering layout layouts/application.html.erb
  Rendering pages/index.html.erb within layouts/application
  Rendered pages/index.html.erb within layouts/application (Duration: 5.4ms | Allocations: 240)
[Webpacker] Everything's up-to-date. Nothing to do
  Rendered layout layouts/application.html.erb (Duration: 39.8ms | Allocations: 3353)
Completed 200 OK in 74ms (Views: 50.9ms | ActiveRecord: 1.1ms | Allocations: 5622)


Started DELETE "/users/sign_out" for 127.0.0.1 at 2021-10-17 00:18:57 -0300
Processing by Devise::SessionsController#destroy as HTML
  Parameters: {"authenticity_token"=>"[FILTERED]"}
  [1m[36mUser Load (0.5ms)[0m  [1m[34mSELECT "users".* FROM "users" WHERE "users"."id" = ? ORDER BY "users"."id" ASC LIMIT ?[0m  [["id", 1], ["LIMIT", 1]]
Redirected to http://127.0.0.1:3000/
Completed 302 Found in 23ms (ActiveRecord: 0.5ms | Allocations: 2044)


Started GET "/" for 127.0.0.1 at 2021-10-17 00:18:57 -0300
Processing by PagesController#index as HTML
Completed 401 Unauthorized in 8ms (ActiveRecord: 0.0ms | Allocations: 257)


Started GET "/users/sign_in" for 127.0.0.1 at 2021-10-17 00:18:57 -0300
Processing by Devise::SessionsController#new as HTML
  Rendering layout layouts/application.html.erb
  Rendering devise/sessions/new.html.erb within layouts/application
  Rendered devise/shared/_links.html.erb (Duration: 1.5ms | Allocations: 153)
  Rendered devise/sessions/new.html.erb within layouts/application (Duration: 17.3ms | Allocations: 1062)
[Webpacker] Everything's up-to-date. Nothing to do
  Rendered layout layouts/application.html.erb (Duration: 54.9ms | Allocations: 3937)
Completed 200 OK in 66ms (Views: 58.5ms | ActiveRecord: 0.0ms | Allocations: 4646)


Started GET "/users/sign_in" for 127.0.0.1 at 2021-10-17 00:19:11 -0300
Processing by Devise::SessionsController#new as HTML
  Rendering layout layouts/application.html.erb
  Rendering devise/sessions/new.html.erb within layouts/application
  Rendered devise/shared/_links.html.erb (Duration: 8.6ms | Allocations: 153)
  Rendered devise/sessions/new.html.erb within layouts/application (Duration: 20.0ms | Allocations: 1019)
[Webpacker] Everything's up-to-date. Nothing to do
  Rendered layout layouts/application.html.erb (Duration: 62.8ms | Allocations: 3892)
Completed 200 OK in 73ms (Views: 68.0ms | ActiveRecord: 0.0ms | Allocations: 4567)


Started GET "/" for 127.0.0.1 at 2021-10-17 00:49:20 -0300
Started GET "/users/sign_in" for 127.0.0.1 at 2021-10-17 00:49:20 -0300
  [1m[35m (8.6ms)[0m  [1m[34mSELECT sqlite_version(*)[0m
  [1m[35m (0.8ms)[0m  [1m[34mSELECT "schema_migrations"."version" FROM "schema_migrations" ORDER BY "schema_migrations"."version" ASC[0m
Processing by PagesController#index as HTML
Processing by Devise::SessionsController#new as HTML
Completed 401 Unauthorized in 63ms (ActiveRecord: 0.0ms | Allocations: 2150)


  [1m[35m (1.5ms)[0m  [1m[34mSELECT sqlite_version(*)[0m
  Rendering layout layouts/application.html.erb
  Rendering devise/sessions/new.html.erb within layouts/application
  Rendered devise/shared/_links.html.erb (Duration: 38.3ms | Allocations: 1101)
  Rendered devise/sessions/new.html.erb within layouts/application (Duration: 140.5ms | Allocations: 4170)
[Webpacker] Everything's up-to-date. Nothing to do
  Rendered layout layouts/application.html.erb (Duration: 346.8ms | Allocations: 9779)
Completed 200 OK in 600ms (Views: 451.1ms | ActiveRecord: 18.6ms | Allocations: 23341)


Started GET "/users/sign_in" for 127.0.0.1 at 2021-10-17 00:49:21 -0300
Processing by Devise::SessionsController#new as HTML
  Rendering layout layouts/application.html.erb
  Rendering devise/sessions/new.html.erb within layouts/application
  Rendered devise/shared/_links.html.erb (Duration: 2.8ms | Allocations: 153)
  Rendered devise/sessions/new.html.erb within layouts/application (Duration: 26.2ms | Allocations: 1033)
[Webpacker] Everything's up-to-date. Nothing to do
  Rendered layout layouts/application.html.erb (Duration: 76.9ms | Allocations: 3913)
Completed 200 OK in 94ms (Views: 80.1ms | ActiveRecord: 0.0ms | Allocations: 4699)


Started POST "/users/sign_in" for 127.0.0.1 at 2021-10-17 00:49:28 -0300
Processing by Devise::SessionsController#create as HTML
  Parameters: {"authenticity_token"=>"[FILTERED]", "user"=>{"email"=>"ricardocacerez@gmail.com", "password"=>"[FILTERED]", "remember_me"=>"0"}, "commit"=>"Log in"}
  [1m[36mUser Load (23.6ms)[0m  [1m[34mSELECT "users".* FROM "users" WHERE "users"."email" = ? ORDER BY "users"."id" ASC LIMIT ?[0m  [["email", "ricardocacerez@gmail.com"], ["LIMIT", 1]]
Redirected to http://127.0.0.1:3000/
Completed 302 Found in 585ms (ActiveRecord: 23.6ms | Allocations: 6309)


Started GET "/" for 127.0.0.1 at 2021-10-17 00:49:29 -0300
Processing by PagesController#index as HTML
  [1m[36mUser Load (11.1ms)[0m  [1m[34mSELECT "users".* FROM "users" WHERE "users"."id" = ? ORDER BY "users"."id" ASC LIMIT ?[0m  [["id", 1], ["LIMIT", 1]]
  Rendering layout layouts/application.html.erb
  Rendering pages/index.html.erb within layouts/application
  Rendered pages/index.html.erb within layouts/application (Duration: 13.7ms | Allocations: 256)
[Webpacker] Everything's up-to-date. Nothing to do
  Rendered layout layouts/application.html.erb (Duration: 45.1ms | Allocations: 3376)
Completed 200 OK in 88ms (Views: 52.6ms | ActiveRecord: 11.1ms | Allocations: 5946)


Started DELETE "/users/sign_out" for 127.0.0.1 at 2021-10-17 00:49:31 -0300
Processing by Devise::SessionsController#destroy as HTML
  Parameters: {"authenticity_token"=>"[FILTERED]"}
  [1m[36mUser Load (0.5ms)[0m  [1m[34mSELECT "users".* FROM "users" WHERE "users"."id" = ? ORDER BY "users"."id" ASC LIMIT ?[0m  [["id", 1], ["LIMIT", 1]]
Redirected to http://127.0.0.1:3000/
Completed 302 Found in 83ms (ActiveRecord: 0.5ms | Allocations: 2963)


Started GET "/" for 127.0.0.1 at 2021-10-17 00:49:31 -0300
Processing by PagesController#index as HTML
Completed 401 Unauthorized in 2ms (ActiveRecord: 0.0ms | Allocations: 297)


Started GET "/users/sign_in" for 127.0.0.1 at 2021-10-17 00:49:31 -0300
Processing by Devise::SessionsController#new as HTML
  Rendering layout layouts/application.html.erb
  Rendering devise/sessions/new.html.erb within layouts/application
  Rendered devise/shared/_links.html.erb (Duration: 3.1ms | Allocations: 156)
  Rendered devise/sessions/new.html.erb within layouts/application (Duration: 19.8ms | Allocations: 1086)
[Webpacker] Everything's up-to-date. Nothing to do
  Rendered layout layouts/application.html.erb (Duration: 45.1ms | Allocations: 4086)
Completed 200 OK in 54ms (Views: 49.4ms | ActiveRecord: 0.0ms | Allocations: 4828)


Started GET "/users/sign_up" for 127.0.0.1 at 2021-10-17 00:49:33 -0300
Processing by Devise::RegistrationsController#new as HTML
  Rendering layout layouts/application.html.erb
  Rendering devise/registrations/new.html.erb within layouts/application
  Rendered devise/shared/_error_messages.html.erb (Duration: 21.6ms | Allocations: 235)
  Rendered devise/shared/_links.html.erb (Duration: 1.7ms | Allocations: 156)
  Rendered devise/registrations/new.html.erb within layouts/application (Duration: 44.0ms | Allocations: 2021)
[Webpacker] Everything's up-to-date. Nothing to do
  Rendered layout layouts/application.html.erb (Duration: 71.3ms | Allocations: 5080)
Completed 200 OK in 190ms (Views: 161.8ms | ActiveRecord: 0.0ms | Allocations: 6871)


Started GET "/users/sign_up" for 127.0.0.1 at 2021-10-17 00:56:33 -0300
Processing by Devise::RegistrationsController#new as HTML
  Rendering layout layouts/application.html.erb
  Rendering devise/registrations/new.html.erb within layouts/application
  Rendered devise/shared/_error_messages.html.erb (Duration: 3.3ms | Allocations: 228)
  Rendered devise/shared/_links.html.erb (Duration: 5.1ms | Allocations: 488)
  Rendered devise/registrations/new.html.erb within layouts/application (Duration: 28.4ms | Allocations: 2403)
[Webpacker] Everything's up-to-date. Nothing to do
  Rendered layout layouts/application.html.erb (Duration: 60.4ms | Allocations: 5701)
Completed 200 OK in 81ms (Views: 73.1ms | Allocations: 7698)


Started GET "/users/sign_in" for 127.0.0.1 at 2021-10-17 00:56:42 -0300
Processing by Devise::SessionsController#new as HTML
  Rendering layout layouts/application.html.erb
  Rendering devise/sessions/new.html.erb within layouts/application
  Rendered devise/shared/_links.html.erb (Duration: 5.3ms | Allocations: 169)
  Rendered devise/sessions/new.html.erb within layouts/application (Duration: 34.0ms | Allocations: 1527)
[Webpacker] Everything's up-to-date. Nothing to do
  Rendered layout layouts/application.html.erb (Duration: 80.5ms | Allocations: 4602)
Completed 200 OK in 113ms (Views: 108.4ms | Allocations: 6953)


Started GET "/users/sign_in" for 127.0.0.1 at 2021-10-17 00:56:43 -0300
Processing by Devise::SessionsController#new as HTML
  Rendering layout layouts/application.html.erb
  Rendering devise/sessions/new.html.erb within layouts/application
  Rendered devise/shared/_links.html.erb (Duration: 2.1ms | Allocations: 153)
  Rendered devise/sessions/new.html.erb within layouts/application (Duration: 14.0ms | Allocations: 1028)
[Webpacker] Everything's up-to-date. Nothing to do
  Rendered layout layouts/application.html.erb (Duration: 50.3ms | Allocations: 3911)
Completed 200 OK in 58ms (Views: 53.4ms | Allocations: 4670)


Started GET "/users/sign_in" for 127.0.0.1 at 2021-10-17 00:56:50 -0300
Processing by Devise::SessionsController#new as HTML
  Rendering layout layouts/application.html.erb
  Rendering devise/sessions/new.html.erb within layouts/application
  Rendered devise/shared/_links.html.erb (Duration: 1.4ms | Allocations: 153)
  Rendered devise/sessions/new.html.erb within layouts/application (Duration: 20.1ms | Allocations: 1028)
[Webpacker] Everything's up-to-date. Nothing to do
  Rendered layout layouts/application.html.erb (Duration: 68.3ms | Allocations: 3903)
Completed 200 OK in 76ms (Views: 71.1ms | Allocations: 4577)


Started GET "/users/sign_in" for 127.0.0.1 at 2021-10-17 01:09:10 -0300
  [1m[35m (4.1ms)[0m  [1m[34mSELECT sqlite_version(*)[0m
  [1m[35m (0.7ms)[0m  [1m[34mSELECT "schema_migrations"."version" FROM "schema_migrations" ORDER BY "schema_migrations"."version" ASC[0m
Processing by Devise::SessionsController#new as HTML
  Rendering layout layouts/application.html.erb
  Rendering devise/sessions/new.html.erb within layouts/application
  Rendered devise/shared/_links.html.erb (Duration: 7.7ms | Allocations: 713)
  Rendered devise/sessions/new.html.erb within layouts/application (Duration: 51.6ms | Allocations: 5731)
[Webpacker] Compiling...
[Webpacker] Compiled all packs in /home/ricardo/modulo9/registro_devise/public/packs
[Webpacker] Hash: e2a8a876c5815bee1e21
Version: webpack 4.46.0
Time: 8238ms
Built at: 10/17/2021 1:10:08 AM
                                     Asset       Size       Chunks                         Chunk Names
    js/application-e421b4aa3f716bebdab1.js    125 KiB  application  [emitted] [immutable]  application
js/application-e421b4aa3f716bebdab1.js.map    139 KiB  application  [emitted] [dev]        application
                             manifest.json  364 bytes               [emitted]              
Entrypoint application = js/application-e421b4aa3f716bebdab1.js js/application-e421b4aa3f716bebdab1.js.map
[./app/javascript/channels sync recursive _channel\.js$] ./app/javascript/channels sync _channel\.js$ 160 bytes {application} [built]
[./app/javascript/channels/index.js] 211 bytes {application} [built]
[./app/javascript/packs/application.js] 492 bytes {application} [built]
[./node_modules/webpack/buildin/module.js] (webpack)/buildin/module.js 552 bytes {application} [built]
    + 3 hidden modules

  Rendered layout layouts/application.html.erb (Duration: 58248.1ms | Allocations: 82190)
Completed 200 OK in 58359ms (Views: 58272.7ms | ActiveRecord: 2.0ms | Allocations: 91505)


